<?xml version="1.0" encoding="UTF-8"?>
<!-- Generated by org.testng.reporters.JUnitXMLReporter -->
<testsuite ignored="1" hostname="DESKTOP-5PUGN99" failures="0" tests="5" name="Testing Xml_Reports" time="57.751" errors="0" timestamp="2022-11-17T14:32:01 IST">
  <testcase classname="AnnotationsInTestNG.InvocationCount" name="primusIBank" time="3.453"/>
  <testcase classname="com.WEBDRIVER_PRACTICE.calculation" name="Multiplication" time="12.373"/>
  <testcase classname="AnnotationsInTestNG.InvocationCount" name="primusCBank" time="3.283"/>
  <testcase classname="com.WEBDRIVER_PRACTICE.calculation" name="addition" time="12.245"/>
  <testcase classname="AnnotationsInTestNG.InvocationCount" name="primusCBank" time="3.274"/>
  <testcase classname="com.WEBDRIVER_PRACTICE.calculation" name="Subtraction" time="0.0">
    <ignored/>
  </testcase> <!-- Subtraction -->
</testsuite> <!-- Testing Xml_Reports -->
