<?xml version="1.0" encoding="UTF-8"?>
<testng-results ignored="0" total="1" passed="1" failed="0" skipped="0">
  <reporter-output>
    <line>
      <![CDATA[login success::adminflow  http://primusbank.qedgetech.com/adminflow.aspx]]>
    </line>
    <line>
      <![CDATA[Admin Logout Sucessful]]>
    </line>
    <line>
      <![CDATA[login success::adminflow  http://primusbank.qedgetech.com/adminflow.aspx]]>
    </line>
    <line>
      <![CDATA[Branch creation success:: New Branch with id 25 created Sucessfully   New branch with]]>
    </line>
    <line>
      <![CDATA[Admin Logout Sucessful]]>
    </line>
    <line>
      <![CDATA[login success::adminflow  http://primusbank.qedgetech.com/adminflow.aspx]]>
    </line>
    <line>
      <![CDATA[Branch Updated success:: Branch updated Sucessfully   Branch updated]]>
    </line>
    <line>
      <![CDATA[Admin Logout Sucessful]]>
    </line>
    <line>
      <![CDATA[login success::adminflow  http://primusbank.qedgetech.com/adminflow.aspx]]>
    </line>
    <line>
      <![CDATA[Role creation success:: New Role with id 16 Created Sucessfully   New Role]]>
    </line>
    <line>
      <![CDATA[Admin Logout Sucessful]]>
    </line>
    <line>
      <![CDATA[login success::adminflow  http://primusbank.qedgetech.com/adminflow.aspx]]>
    </line>
    <line>
      <![CDATA[Role update success:: Role updated Sucessfully   Role updated]]>
    </line>
    <line>
      <![CDATA[Admin Logout Sucessful]]>
    </line>
  </reporter-output>
  <suite started-at="2022-12-05T19:12:27 IST" name="Default suite" finished-at="2022-12-05T19:13:41 IST" duration-ms="73550">
    <groups>
    </groups>
    <test started-at="2022-12-05T19:12:27 IST" name="Default test" finished-at="2022-12-05T19:13:41 IST" duration-ms="73550">
      <class name="DriverFactory.Hybrid_DriverScript">
        <test-method is-config="true" signature="setup()[pri:0, instance:DriverFactory.Hybrid_DriverScript@67c33749]" started-at="2022-12-05T19:12:23 IST" name="setup" finished-at="2022-12-05T19:12:27 IST" duration-ms="3859" status="PASS">
          <reporter-output>
          </reporter-output>
        </test-method> <!-- setup -->
        <test-method signature="startTest()[pri:0, instance:DriverFactory.Hybrid_DriverScript@67c33749]" started-at="2022-12-05T19:12:27 IST" name="startTest" finished-at="2022-12-05T19:13:41 IST" duration-ms="73513" status="PASS">
          <reporter-output>
            <line>
              <![CDATA[login success::adminflow  http://primusbank.qedgetech.com/adminflow.aspx]]>
            </line>
            <line>
              <![CDATA[Admin Logout Sucessful]]>
            </line>
            <line>
              <![CDATA[login success::adminflow  http://primusbank.qedgetech.com/adminflow.aspx]]>
            </line>
            <line>
              <![CDATA[Branch creation success:: New Branch with id 25 created Sucessfully   New branch with]]>
            </line>
            <line>
              <![CDATA[Admin Logout Sucessful]]>
            </line>
            <line>
              <![CDATA[login success::adminflow  http://primusbank.qedgetech.com/adminflow.aspx]]>
            </line>
            <line>
              <![CDATA[Branch Updated success:: Branch updated Sucessfully   Branch updated]]>
            </line>
            <line>
              <![CDATA[Admin Logout Sucessful]]>
            </line>
            <line>
              <![CDATA[login success::adminflow  http://primusbank.qedgetech.com/adminflow.aspx]]>
            </line>
            <line>
              <![CDATA[Role creation success:: New Role with id 16 Created Sucessfully   New Role]]>
            </line>
            <line>
              <![CDATA[Admin Logout Sucessful]]>
            </line>
            <line>
              <![CDATA[login success::adminflow  http://primusbank.qedgetech.com/adminflow.aspx]]>
            </line>
            <line>
              <![CDATA[Role update success:: Role updated Sucessfully   Role updated]]>
            </line>
            <line>
              <![CDATA[Admin Logout Sucessful]]>
            </line>
          </reporter-output>
        </test-method> <!-- startTest -->
        <test-method is-config="true" signature="Teardown()[pri:0, instance:DriverFactory.Hybrid_DriverScript@67c33749]" started-at="2022-12-05T19:13:41 IST" name="Teardown" finished-at="2022-12-05T19:13:57 IST" duration-ms="16187" status="PASS">
          <reporter-output>
          </reporter-output>
        </test-method> <!-- Teardown -->
      </class> <!-- DriverFactory.Hybrid_DriverScript -->
    </test> <!-- Default test -->
  </suite> <!-- Default suite -->
</testng-results>
